update-alternatives 2019-01-28 07:54:41: run with --quiet --install /usr/bin/nodejs nodejs /usr/bin/node 50 --slave /usr/share/man/man1/nodejs.1.gz nodejs.1.gz /usr/share/man/man1/node.1.gz
update-alternatives 2019-01-28 07:54:41: link group nodejs updated to point to /usr/bin/node
update-alternatives 2019-01-28 07:56:04: run with --quiet --install /lib/cpp cpp /usr/bin/cpp 10
update-alternatives 2019-01-28 07:56:04: link group cpp updated to point to /usr/bin/cpp
update-alternatives 2019-01-28 07:56:04: run with --quiet --install /usr/bin/cc cc /usr/bin/gcc 20 --slave /usr/share/man/man1/cc.1.gz cc.1.gz /usr/share/man/man1/gcc.1.gz
update-alternatives 2019-01-28 07:56:04: link group cc updated to point to /usr/bin/gcc
update-alternatives 2019-01-28 07:56:04: run with --quiet --install /usr/bin/c89 c89 /usr/bin/c89-gcc 20 --slave /usr/share/man/man1/c89.1.gz c89.1.gz /usr/share/man/man1/c89-gcc.1.gz
update-alternatives 2019-01-28 07:56:04: link group c89 updated to point to /usr/bin/c89-gcc
update-alternatives 2019-01-28 07:56:04: run with --quiet --install /usr/bin/c99 c99 /usr/bin/c99-gcc 20 --slave /usr/share/man/man1/c99.1.gz c99.1.gz /usr/share/man/man1/c99-gcc.1.gz
update-alternatives 2019-01-28 07:56:04: link group c99 updated to point to /usr/bin/c99-gcc
update-alternatives 2019-01-28 07:56:04: run with --install /usr/bin/c++ c++ /usr/bin/g++ 20 --slave /usr/share/man/man1/c++.1.gz c++.1.gz /usr/share/man/man1/g++.1.gz
update-alternatives 2019-01-28 07:56:04: link group c++ updated to point to /usr/bin/g++
update-alternatives 2019-01-28 07:56:04: run with --install /usr/bin/fakeroot fakeroot /usr/bin/fakeroot-sysv 50 --slave /usr/share/man/man1/fakeroot.1.gz fakeroot.1.gz /usr/share/man/man1/fakeroot-sysv.1.gz --slave /usr/share/man/man1/faked.1.gz faked.1.gz /usr/share/man/man1/faked-sysv.1.gz --slave /usr/share/man/es/man1/fakeroot.1.gz fakeroot.es.1.gz /usr/share/man/es/man1/fakeroot-sysv.1.gz --slave /usr/share/man/es/man1/faked.1.gz faked.es.1.gz /usr/share/man/es/man1/faked-sysv.1.gz --slave /usr/share/man/fr/man1/fakeroot.1.gz fakeroot.fr.1.gz /usr/share/man/fr/man1/fakeroot-sysv.1.gz --slave /usr/share/man/fr/man1/faked.1.gz faked.fr.1.gz /usr/share/man/fr/man1/faked-sysv.1.gz --slave /usr/share/man/sv/man1/fakeroot.1.gz fakeroot.sv.1.gz /usr/share/man/sv/man1/fakeroot-sysv.1.gz --slave /usr/share/man/sv/man1/faked.1.gz faked.sv.1.gz /usr/share/man/sv/man1/faked-sysv.1.gz
update-alternatives 2019-01-28 07:56:04: link group fakeroot updated to point to /usr/bin/fakeroot-sysv
update-alternatives 2019-01-28 07:56:04: run with --install /usr/bin/fakeroot fakeroot /usr/bin/fakeroot-tcp 30 --slave /usr/share/man/man1/fakeroot.1.gz fakeroot.1.gz /usr/share/man/man1/fakeroot-tcp.1.gz --slave /usr/share/man/man1/faked.1.gz faked.1.gz /usr/share/man/man1/faked-tcp.1.gz --slave /usr/share/man/es/man1/fakeroot.1.gz fakeroot.es.1.gz /usr/share/man/es/man1/fakeroot-tcp.1.gz --slave /usr/share/man/es/man1/faked.1.gz faked.es.1.gz /usr/share/man/es/man1/faked-tcp.1.gz --slave /usr/share/man/fr/man1/fakeroot.1.gz fakeroot.fr.1.gz /usr/share/man/fr/man1/fakeroot-tcp.1.gz --slave /usr/share/man/fr/man1/faked.1.gz faked.fr.1.gz /usr/share/man/fr/man1/faked-tcp.1.gz --slave /usr/share/man/sv/man1/fakeroot.1.gz fakeroot.sv.1.gz /usr/share/man/sv/man1/fakeroot-tcp.1.gz --slave /usr/share/man/sv/man1/faked.1.gz faked.sv.1.gz /usr/share/man/sv/man1/faked-tcp.1.gz
update-alternatives 2019-01-28 11:55:41: run with --install /usr/lib/x86_64-linux-gnu/libtxc_dxtn.so libtxc-dxtn-x86_64-linux-gnu /usr/lib/x86_64-linux-gnu/libtxc_dxtn_s2tc.so.0 10
update-alternatives 2019-01-28 11:55:41: link group libtxc-dxtn-x86_64-linux-gnu updated to point to /usr/lib/x86_64-linux-gnu/libtxc_dxtn_s2tc.so.0
update-alternatives 2019-01-28 11:55:42: run with --force --install /etc/ld.so.conf.d/x86_64-linux-gnu_EGL.conf x86_64-linux-gnu_egl_conf /usr/lib/x86_64-linux-gnu/mesa-egl/ld.so.conf 500
update-alternatives 2019-01-28 11:55:42: link group x86_64-linux-gnu_egl_conf updated to point to /usr/lib/x86_64-linux-gnu/mesa-egl/ld.so.conf
update-alternatives 2019-01-28 11:55:43: run with --force --install /etc/ld.so.conf.d/x86_64-linux-gnu_GL.conf x86_64-linux-gnu_gl_conf /usr/lib/x86_64-linux-gnu/mesa/ld.so.conf 500 --slave /usr/lib/x86_64-linux-gnu/xorg/extra-modules x86_64-linux-gnu_xorg_extra_modules /usr/lib/x86_64-linux-gnu/xorg/x11-extra-modules
update-alternatives 2019-01-28 11:55:43: link group x86_64-linux-gnu_gl_conf updated to point to /usr/lib/x86_64-linux-gnu/mesa/ld.so.conf
update-alternatives 2019-01-28 11:55:44: run with --install /usr/bin/gnome-text-editor gnome-text-editor /usr/bin/gedit 50 --slave /usr/share/man/man1/gnome-text-editor.1.gz gnome-text-editor.1.gz /usr/share/man/man1/gedit.1.gz
update-alternatives 2019-01-28 11:55:44: link group gnome-text-editor updated to point to /usr/bin/gedit
update-alternatives 2019-01-28 11:55:44: run with --install /usr/share/icons/default/index.theme x-cursor-theme /usr/share/icons/Adwaita/cursor.theme 90
update-alternatives 2019-01-28 11:55:44: link group x-cursor-theme updated to point to /usr/share/icons/Adwaita/cursor.theme
update-alternatives 2019-01-28 22:47:04: run with --install /usr/bin/php php /usr/bin/php7.0 70 --slave /usr/share/man/man1/php.1.gz php.1.gz /usr/share/man/man1/php7.0.1.gz
update-alternatives 2019-01-28 22:47:04: link group php updated to point to /usr/bin/php7.0
update-alternatives 2019-01-28 22:47:04: run with --install /usr/bin/phar phar /usr/bin/phar7.0 70 --slave /usr/share/man/man1/phar.1.gz phar.1.gz /usr/share/man/man1/phar7.0.1.gz
update-alternatives 2019-01-28 22:47:04: link group phar updated to point to /usr/bin/phar7.0
update-alternatives 2019-01-28 22:47:04: run with --install /usr/bin/phar.phar phar.phar /usr/bin/phar.phar7.0 70 --slave /usr/share/man/man1/phar.phar.1.gz phar.phar.1.gz /usr/share/man/man1/phar.phar7.0.1.gz
update-alternatives 2019-01-28 22:47:04: link group phar.phar updated to point to /usr/bin/phar.phar7.0
